/control/execute raw.in
/gamos/setParam GmAnalysisMgr:FileNameSuffix .raw
/gamos/setParam GmGeometryFromText:FileName principal_raw.geom
/gamos/setParam GmGeometryFromText:FileNameParallel paralela.geom 1
/gamos/geometry GmGeometryFromText
/gamos/physicsList GmEMPhysics
GmEMPhysics PhysicsList:DEFAULT = gamma-lowener is registered
GmEMPhysics PhysicsList: DEFAULT = electron-lowener is registered
GmEMPhysics PhysicsList: DEFAULT = positron-standard is registered
/gamos/generator GmGenerator
/run/initialize
 AddParallelWorldIndex 1 0
 G4tgrPhantomPlaceParameterisation 0x55651c078cd0 PHANTOM
 AddParallelWorldIndex 1 1
 RegisterParallelWorld world_parallel_1
 G4PhysicsListHelper::AddTransportation()--- G4CoupledTransportation is used 
GmPhysicsGammaLowEner::ConstructProcess 
  SelectBremssAngularDist 
/gamos/physics/addParallelProcess
/gamos/generator/addSingleParticleSource fuente gamma 28.0*keV
/gamos/generator/positionDist fuente GmGenerDistPositionInG4Volumes source
/gamos/generator/directionDist fuente GmGenerDistDirectionCone 0.0 0.0 1.0 0.9*deg
/gamos/generator/energyDist fuente GmGenerDistEnergyFromFile 28.0keV interpolate
/gamos/scoring/createMFDetector doseDet mesh
/gamos/setParam doseScorer:ConvergenceTester DOSE_SCORER_TESTER
/gamos/scoring/addScorer2MFD doseScorer GmG4PSDoseDeposit doseDet
 GmVPrimitiveScorer::SetParameters: no parameters 
/gamos/filter inDetectorFilter GmInMassLogicalVolumeFilter detector
/gamos/scoring/addFilter2Scorer inDetectorFilter doseScorer
/gamos/setParam GmPSPrinter3ddose_doseScorer:FileName 3ddose_raw
/gamos/scoring/addPrinter2Scorer GmPSPrinter3ddose doseScorer
/process/msc/StepLimit Minimal
/run/physicsModified
/control/execute ../visVRML2FILE.in
/vis/scene/create
/vis/open VRML2FILE
Issue /vis/viewer/refresh or flush to see effect.
/vis/viewer/flush
Your "world" has no vis attributes or is marked as visible.
  For a better view of the contents, mark the world as invisible, e.g.,
  myWorldLogicalVol -> SetVisAttributes (G4VisAttributes::GetInvisible());
G4Scene::AddWorldIfEmpty: The scene was empty of run-duration models.
  "world" has been added.
/vis/viewer/set/viewpointThetaPhi 10 120 deg
Issue /vis/viewer/refresh or flush to see effect.
/vis/viewer/zoom 1
Issue /vis/viewer/refresh or flush to see effect.
/vis/scene/add/trajectories
/tracking/storeTrajectory 1
Attributes available for modeling and filtering with
  "/vis/modeling/trajectories/create/drawByAttribute" and
  "/vis/filtering/trajectories/create/attributeFilter" commands:
G4TrajectoriesModel:
  Event ID (EventID): G4int
  Run ID (RunID): G4int
G4Trajectory:
  Charge (Ch): unit: e+ (G4double)
  Track ID (ID): G4int
  Initial kinetic energy (IKE): G4BestUnit (G4double)
  Initial momentum magnitude (IMag): G4BestUnit (G4double)
  Initial momentum (IMom): G4BestUnit (G4ThreeVector)
  No. of points (NTP): G4int
  PDG Encoding (PDG): G4int
  Parent ID (PID): G4int
  Particle Name (PN): G4String
G4TrajectoryPoint:
  Position (Pos): G4BestUnit (G4ThreeVector)
WARNING: Trajectory storing has been requested.  This action may be
  reversed with "/tracking/storeTrajectory 0".
/vis/scene/notifyHandlers
/vis/scene/endOfEventAction accumulate
WARNING: The vis manager will keep up to 100 events.
  This may use a lot of memory.
  It may be changed with, e.g., "/vis/scene/endOfEventAction accumulate 10".
/vis/viewer/update
/vis/viewer/flush
===========================================
Output VRML 2.0 file: g4_00.wrl
Maximum number of files in the destination directory: 100
  (Customizable with the environment variable: G4VRMLFILE_MAX_FILE_NUM) 
===========================================
*** VRML 2.0 File  g4_00.wrl  is generated.
MESSAGE from VRML2FILE driver:
    Set an environmental variable  G4VRMLFILE_VIEWER
    if you want to visualize the generated VRML file
    automatically.  For example, 
    setenv  G4VRMLFILE_VIEWER  vrwave 
/run/beamOn 10
G4RunManagerKernel -- G4ScoreSplittingProcess is appended to all particles.

### ===  Deexcitation model UAtomDeexcitation is activated for 1 region:
          DefaultRegionForTheWorld  1  1  0
### ===  Auger cascade flag: 0
### ===  Ignore cuts flag:   0

phot:   for  gamma    SubType= 12  BuildTable= 0
      LambdaPrime table from 200 keV to 100 TeV in 61 bins 
      ===== EM models for the G4Region  DefaultRegionForTheWorld ======
 LivermorePhElectric :  Emin=        0 eV    Emax=        1 GeV   AngularGenSauterGavrila  FluoActive
       PhotoElectric :  Emin=        1 GeV   Emax=      100 TeV   AngularGenSauterGavrila  FluoActive

compt:   for  gamma    SubType= 13  BuildTable= 1
      Lambda table from 100 eV  to 1 MeV, 7 bins per decade, spline: 1
      LambdaPrime table from 1 MeV to 100 TeV in 56 bins 
      ===== EM models for the G4Region  DefaultRegionForTheWorld ======
    LivermoreCompton :  Emin=        0 eV    Emax=        1 GeV  FluoActive
       Klein-Nishina :  Emin=        1 GeV   Emax=      100 TeV

conv:   for  gamma    SubType= 14  BuildTable= 1
      Lambda table from 1.022 MeV to 100 TeV, 18 bins per decade, spline: 1
      ===== EM models for the G4Region  DefaultRegionForTheWorld ======
 LivermoreConversion :  Emin=        0 eV    Emax=        1 GeV
        BetheHeitler :  Emin=        1 GeV   Emax=       80 GeV
     BetheHeitlerLPM :  Emin=       80 GeV   Emax=      100 TeV

Rayl:   for  gamma    SubType= 11  BuildTable= 1
      Lambda table from 100 eV  to 100 keV, 7 bins per decade, spline: 0
      LambdaPrime table from 100 keV to 100 TeV in 63 bins 
      ===== EM models for the G4Region  DefaultRegionForTheWorld ======
   LivermoreRayleigh :  Emin=        0 eV    Emax=        1 GeV   CullenGenerator
   LivermoreRayleigh :  Emin=        1 GeV   Emax=      100 TeV   CullenGenerator

msc:   for e-    SubType= 10
      ===== EM models for the G4Region  DefaultRegionForTheWorld ======
            UrbanMsc :  Emin=        0 eV    Emax=      100 TeV  Table with 84 bins Emin=    100 eV    Emax=    100 TeV

eIoni:   for  e-    SubType= 2
      dE/dx and range tables from 100 eV  to 100 TeV in 84 bins
      Lambda tables from threshold to 100 TeV, 7 bins per decade, spline: 1
      finalRange(mm)= 1, dRoverRange= 0.2, integral: 1, fluct: 1, linLossLimit= 0.01
      ===== EM models for the G4Region  DefaultRegionForTheWorld ======
       LowEnergyIoni :  Emin=        0 eV    Emax=        1 GeV   deltaVI
        MollerBhabha :  Emin=        1 GeV   Emax=      100 TeV

eBrem:   for  e-    SubType= 3
      dE/dx and range tables from 100 eV  to 100 TeV in 84 bins
      Lambda tables from threshold to 100 TeV, 7 bins per decade, spline: 1
      LPM flag: 1 for E > 1 GeV,  VertexHighEnergyTh(GeV)= 100000
      ===== EM models for the G4Region  DefaultRegionForTheWorld ======
           LowEnBrem :  Emin=        0 eV    Emax=        1 GeV   AngularGen2BS
            eBremLPM :  Emin=        1 GeV   Emax=      100 TeV   DipBustGen

msc:   for e+    SubType= 10
      ===== EM models for the G4Region  DefaultRegionForTheWorld ======
            UrbanMsc :  Emin=        0 eV    Emax=      100 TeV  Table with 84 bins Emin=    100 eV    Emax=    100 TeV

eIoni:   for  e+    SubType= 2
      dE/dx and range tables from 100 eV  to 100 TeV in 84 bins
      Lambda tables from threshold to 100 TeV, 7 bins per decade, spline: 1
      finalRange(mm)= 1, dRoverRange= 0.2, integral: 1, fluct: 1, linLossLimit= 0.01
      ===== EM models for the G4Region  DefaultRegionForTheWorld ======
        MollerBhabha :  Emin=        0 eV    Emax=      100 TeV

eBrem:   for  e+    SubType= 3
      dE/dx and range tables from 100 eV  to 100 TeV in 84 bins
      Lambda tables from threshold to 100 TeV, 7 bins per decade, spline: 1
      LPM flag: 1 for E > 1 GeV,  VertexHighEnergyTh(GeV)= 100000
      ===== EM models for the G4Region  DefaultRegionForTheWorld ======
             eBremSB :  Emin=        0 eV    Emax=        1 GeV   DipBustGen
            eBremLPM :  Emin=        1 GeV   Emax=      100 TeV   DipBustGen

annihil:   for  e+, integral: 1     SubType= 5  BuildTable= 0
      ===== EM models for the G4Region  DefaultRegionForTheWorld ======
            eplus2gg :  Emin=        0 eV    Emax=      100 TeV

========= Table of registered couples ==============================

Index : 0     used in the geometry : Yes
 Material : G4_AIR
 Range cuts        :  gamma  100 um     e-  100 um     e+  100 um  proton 100 um 
 Energy thresholds :  gamma  990 eV     e-  990 eV     e+  990 eV  proton -1 MeV
 Region(s) which use this couple : 
    DefaultRegionForTheWorld
    DefaultRegionForParallelWorld

Index : 1     used in the geometry : Yes
 Material : NIST_PMMA
 Range cuts        :  gamma  100 um     e-  100 um     e+  100 um  proton 100 um 
 Energy thresholds :  gamma  1.1173 keV    e-  93.0104 keV    e+  91.7686 keV proton -1 MeV
 Region(s) which use this couple : 
    DefaultRegionForTheWorld

Index : 2     used in the geometry : Yes
 Material : Hidroxiapatita
 Range cuts        :  gamma  100 um     e-  100 um     e+  100 um  proton 100 um 
 Energy thresholds :  gamma  2.69457 keV    e-  147.879 keV    e+  144.928 keV proton -1 MeV
 Region(s) which use this couple : 
    DefaultRegionForTheWorld

Index : 3     used in the geometry : Yes
 Material : NIST_Al2O3
 Range cuts        :  gamma  100 um     e-  100 um     e+  100 um  proton 100 um 
 Energy thresholds :  gamma  2.48581 keV    e-  170.292 keV    e+  168.019 keV proton -1 MeV
 Region(s) which use this couple : 
    DefaultRegionForTheWorld

Index : 4     used in the geometry : Yes
 Material : G4_CADMIUM_TELLURIDE
 Range cuts        :  gamma  100 um     e-  100 um     e+  100 um  proton 100 um 
 Energy thresholds :  gamma  10.2629 keV    e-  177.299 keV    e+  173.76 keV proton -1 MeV
 Region(s) which use this couple : 
    DefaultRegionForTheWorld
    DefaultRegionForParallelWorld

====================================================================

/vis/scene/notifyHandlers scene-0
### Run 0 starts.
===========================================
Output VRML 2.0 file: g4_01.wrl
Maximum number of files in the destination directory: 100
  (Customizable with the environment variable: G4VRMLFILE_MAX_FILE_NUM) 
===========================================
G4VisManager: Using G4TrajectoryDrawByCharge as fallback trajectory model.
See commands in /vis/modeling/trajectories/ for other options.
 Run terminated.
Run Summary
  Number of events processed : 10
  User=0.02s Real=0.02s Sys=0s
SetUnit GmPSPrinter3ddose 1e-12 Name Gy
Number of non zero history too small to calcuarte SLOPE
@@@@ CONVERGENCE TESTER RESULT: DOSE_SCORER_TESTER
EFFICIENCY = 0
MEAN = 0
VAR = 0
SD = 0
R = -nan
SHIFT = -nan
VOV = -nan
FOM = -nan
THE LARGEST SCORE = 0 and it happend at 0th event
Affected Mean = 0 and its ratio to orignal is -nan
Affected VAR = 0 and its ratio to orignal is -nan
Affected R = -nan and its ratio to orignal is -nan
Affected SHIFT = -nan and its ratio to orignal is -nan
Affected FOM = -nan and its ratio to orignal is -nan
MEAN distribution is not RANDOM
r does not follow 1/std::sqrt(N)
r is monotonically decrease 
r is NOT less than 0.1 r = -nan
VOV does not follow 1/std::sqrt(N)
VOV is monotonically decrease 
FOM distribution is not RANDOM
SLOPE is not large enough
This result passes 2 / 8 Convergence Test.

@@@@ CONVERGENCE TESTER HISTORY: DOSE_SCORER_TESTER
i/16 till_ith  mean  var  sd  r  vov  fom  shift  e  r2eff  r2int
1 0 0 -nan -nan -nan -nan -nan -nan 0 inf -nan 
2 1 0 0 0 -nan -nan -nan -nan 0 inf -nan 
3 1 0 0 0 -nan -nan -nan -nan 0 inf -nan 
4 2 0 0 0 -nan -nan -nan -nan 0 inf -nan 
5 3 0 0 0 -nan -nan -nan -nan 0 inf -nan 
6 3 0 0 0 -nan -nan -nan -nan 0 inf -nan 
7 4 0 0 0 -nan -nan -nan -nan 0 inf -nan 
8 4 0 0 0 -nan -nan -nan -nan 0 inf -nan 
9 5 0 0 0 -nan -nan -nan -nan 0 inf -nan 
10 6 0 0 0 -nan -nan -nan -nan 0 inf -nan 
11 6 0 0 0 -nan -nan -nan -nan 0 inf -nan 
12 7 0 0 0 -nan -nan -nan -nan 0 inf -nan 
13 8 0 0 0 -nan -nan -nan -nan 0 inf -nan 
14 8 0 0 0 -nan -nan -nan -nan 0 inf -nan 
15 9 0 0 0 -nan -nan -nan -nan 0 inf -nan 
16 9 0 0 0 -nan -nan -nan -nan 0 inf -nan 
WARNING: 10 events have been kept for refreshing and/or reviewing.

  "/vis/reviewKeptEvents" to review them one by one.
  "/vis/enable", then "/vis/viewer/flush" or "/vis/viewer/rebuild" to see them accumulated.
*** VRML 2.0 File  g4_01.wrl  is generated.
MESSAGE from VRML2FILE driver:
    Set an environmental variable  G4VRMLFILE_VIEWER
    if you want to visualize the generated VRML file
    automatically.  For example, 
    setenv  G4VRMLFILE_VIEWER  vrwave 
Graphics systems deleted.
Visualization Manager deleting...
